<?xml version="1.0" encoding="utf-8"?><testsuites><testsuite name="pytest" errors="0" failures="0" skipped="2" tests="7" time="16.374" timestamp="2023-02-27T12:38:07.518103" hostname="OLI-OMEN"><testcase classname="bumpversion" name="FLAKE8" time="0.000"><skipped type="pytest.skip" message="file(s) previously passed FLAKE8 checks">/home/olivier/dev/kairntech/pyconverters_grobid/.tox/report/lib/python3.8/site-packages/pytest_flake8.py:124: file(s) previously passed FLAKE8 checks</skipped></testcase><testcase classname="src.pyconverters_grobid.__init__" name="FLAKE8" time="0.038" /><testcase classname="src.pyconverters_grobid.grobid" name="FLAKE8" time="0.000"><skipped type="pytest.skip" message="file(s) previously passed FLAKE8 checks">/home/olivier/dev/kairntech/pyconverters_grobid/.tox/report/lib/python3.8/site-packages/pytest_flake8.py:124: file(s) previously passed FLAKE8 checks</skipped></testcase><testcase classname="tests.test_grobid" name="FLAKE8" time="0.044" /><testcase classname="tests.test_grobid" name="test_grobid_pdf" time="3.667" /><testcase classname="tests.test_grobid" name="test_grobid_pdf2" time="3.337" /><testcase classname="tests.test_grobid" name="test_grobid_list" time="8.902" /></testsuite></testsuites>