<?xml version="1.0" encoding="utf-8"?><testsuites><testsuite name="pytest" errors="0" failures="1" skipped="0" tests="7" time="17.904" timestamp="2024-01-24T18:52:47.956903" hostname="OLI-OMEN"><testcase classname="bumpversion" name="FLAKE8" time="0.050" /><testcase classname="src.pyconverters_grobid.__init__" name="FLAKE8" time="0.024" /><testcase classname="src.pyconverters_grobid.grobid" name="FLAKE8" time="0.101" /><testcase classname="tests.test_grobid" name="FLAKE8" time="0.058" /><testcase classname="tests.test_grobid" name="test_grobid_pdf" time="3.677" /><testcase classname="tests.test_grobid" name="test_grobid_pdf2" time="3.582"><failure message="assert 0 == 1&#10; +  where 0 = len([])">def test_grobid_pdf2():
        converter = GrobidConverter()
        parameters = GrobidParameters(sentences=True, citations=True, figures=True,
                                      header_regex="(?i)materials .* methods")
        testdir = Path(__file__).parent
        source = Path(testdir, "data/PMC1636350.pdf")
        with source.open("rb") as fin:
            docs: List[Document] = converter.convert(
                UploadFile(source.name, fin, "application/pdf"), parameters
            )
&gt;       assert len(docs) == 1
E       assert 0 == 1
E        +  where 0 = len([])

tests/test_grobid.py:42: AssertionError</failure></testcase><testcase classname="tests.test_grobid" name="test_grobid_list" time="9.950" /></testsuite></testsuites>