<?xml version="1.0" encoding="utf-8"?><testsuites><testsuite name="pytest" errors="0" failures="1" skipped="6" tests="12" time="8.219" timestamp="2023-05-02T13:56:30.075202" hostname="OLI-OMEN"><testcase classname="bumpversion" name="FLAKE8" time="0.152" /><testcase classname="src.pyconverters_pubmedfetcher.__init__" name="FLAKE8" time="0.080" /><testcase classname="src.pyconverters_pubmedfetcher.pubmedfetcher" name="FLAKE8" time="0.139" /><testcase classname="tests.test_pubmedfetcher" name="FLAKE8" time="0.068"><failure message="/home/olivier/dev/kairntech/pyconverters_pubmedfetcher/tests/test_pubmedfetcher.py:15:1: E302 expected 2 blank lines, found 1&#10;/home/olivier/dev/kairntech/pyconverters_pubmedfetcher/tests/test_pubmedfetcher.py:29:5: F841 local variable 'model' is assigned to but never used&#10;">/home/olivier/dev/kairntech/pyconverters_pubmedfetcher/tests/test_pubmedfetcher.py:15:1: E302 expected 2 blank lines, found 1
/home/olivier/dev/kairntech/pyconverters_pubmedfetcher/tests/test_pubmedfetcher.py:29:5: F841 local variable 'model' is assigned to but never used
</failure></testcase><testcase classname="tests.test_pubmedfetcher" name="test_pubmedfetcher_query[SAGE Open Medical Case Reports]" time="0.000"><skipped type="pytest.skip" message="Not a test">/home/olivier/dev/kairntech/pyconverters_pubmedfetcher/tests/test_pubmedfetcher.py:15: Not a test</skipped></testcase><testcase classname="tests.test_pubmedfetcher" name="test_pubmedfetcher_query[Case Reports in Neurology]" time="0.000"><skipped type="pytest.skip" message="Not a test">/home/olivier/dev/kairntech/pyconverters_pubmedfetcher/tests/test_pubmedfetcher.py:15: Not a test</skipped></testcase><testcase classname="tests.test_pubmedfetcher" name="test_pubmedfetcher_query[Case Reports in Oncology]" time="0.000"><skipped type="pytest.skip" message="Not a test">/home/olivier/dev/kairntech/pyconverters_pubmedfetcher/tests/test_pubmedfetcher.py:15: Not a test</skipped></testcase><testcase classname="tests.test_pubmedfetcher" name="test_pubmedfetcher_query[Case Reports in Pediatrics]" time="0.000"><skipped type="pytest.skip" message="Not a test">/home/olivier/dev/kairntech/pyconverters_pubmedfetcher/tests/test_pubmedfetcher.py:15: Not a test</skipped></testcase><testcase classname="tests.test_pubmedfetcher" name="test_pubmedfetcher_query[Case Reports in Psychiatry]" time="0.000"><skipped type="pytest.skip" message="Not a test">/home/olivier/dev/kairntech/pyconverters_pubmedfetcher/tests/test_pubmedfetcher.py:15: Not a test</skipped></testcase><testcase classname="tests.test_pubmedfetcher" name="test_pubmedfetcher_list" time="6.445" /><testcase classname="tests.test_pubmedfetcher" name="test_pubmedfetcher_allids" time="0.001"><skipped type="pytest.skip" message="Not a test">/home/olivier/dev/kairntech/pyconverters_pubmedfetcher/tests/test_pubmedfetcher.py:69: Not a test</skipped></testcase><testcase classname="tests.test_pubmedfetcher" name="test_pubmedfetcher_xml" time="0.308" /></testsuite></testsuites>