<?xml version="1.0" encoding="utf-8"?><testsuites><testsuite name="pytest" errors="0" failures="0" skipped="4" tests="20" time="2.129" timestamp="2023-04-18T13:48:45.217445" hostname="OLI-OMEN"><testcase classname="bumpversion" name="FLAKE8" time="0.002"><skipped type="pytest.skip" message="file(s) previously passed FLAKE8 checks">/home/olivier/dev/kairntech/pyprocessors_afp_entities/.tox/report/lib/python3.8/site-packages/pytest_flake8.py:124: file(s) previously passed FLAKE8 checks</skipped></testcase><testcase classname="src.pyprocessors_afp_entities.__init__" name="FLAKE8" time="0.001"><skipped type="pytest.skip" message="file(s) previously passed FLAKE8 checks">/home/olivier/dev/kairntech/pyprocessors_afp_entities/.tox/report/lib/python3.8/site-packages/pytest_flake8.py:124: file(s) previously passed FLAKE8 checks</skipped></testcase><testcase classname="src.pyprocessors_afp_entities.afp_entities" name="FLAKE8" time="0.440" /><testcase classname="tests.__init__" name="FLAKE8" time="0.001"><skipped type="pytest.skip" message="file(s) previously passed FLAKE8 checks">/home/olivier/dev/kairntech/pyprocessors_afp_entities/.tox/report/lib/python3.8/site-packages/pytest_flake8.py:124: file(s) previously passed FLAKE8 checks</skipped></testcase><testcase classname="tests.test_afp_entities" name="FLAKE8" time="0.001"><skipped type="pytest.skip" message="file(s) previously passed FLAKE8 checks">/home/olivier/dev/kairntech/pyprocessors_afp_entities/.tox/report/lib/python3.8/site-packages/pytest_flake8.py:124: file(s) previously passed FLAKE8 checks</skipped></testcase><testcase classname="tests.test_afp_entities" name="test_model" time="0.001" /><testcase classname="tests.test_afp_entities" name="test_afp_entities_fr" time="0.145" /><testcase classname="tests.test_afp_entities" name="test_afp_entities_whitelist" time="0.105" /><testcase classname="tests.test_afp_entities" name="test_afp_entities_suspicious" time="0.013" /><testcase classname="tests.test_afp_entities" name="test_afp_entities_en" time="0.038" /><testcase classname="tests.test_afp_entities" name="test_SHERPA_1735" time="0.015" /><testcase classname="tests.test_afp_entities" name="test_SHERPA_1741" time="0.031" /><testcase classname="tests.test_afp_entities" name="test_SHERPA_1742" time="0.005" /><testcase classname="tests.test_afp_entities" name="test_SHERPA_1761" time="0.015" /><testcase classname="tests.test_afp_entities" name="test_SHERPA_1765" time="0.038" /><testcase classname="tests.test_afp_entities" name="test_SHERPA_1766" time="0.004" /><testcase classname="tests.test_afp_entities" name="test_SHERPA_1773" time="0.008" /><testcase classname="tests.test_afp_entities" name="test_SHERPA_1776" time="0.011" /><testcase classname="tests.test_afp_entities" name="test_SHERPA_1779" time="0.006" /><testcase classname="tests.test_afp_entities" name="test_SHERPA_1781" time="0.059" /></testsuite></testsuites>