<?xml version="1.0" encoding="utf-8"?><testsuites><testsuite name="pytest" errors="0" failures="0" skipped="4" tests="8" time="0.196" timestamp="2022-08-19T12:15:09.776744" hostname="OLI-OMEN"><testcase classname="bumpversion" name="FLAKE8" time="0.000"><skipped type="pytest.skip" message="file(s) previously passed FLAKE8 checks">/home/olivier/dev/kairntech/pyprocessors_document_fingerprint/.tox/report/lib/python3.8/site-packages/pytest_flake8.py:124: file(s) previously passed FLAKE8 checks</skipped></testcase><testcase classname="src.pyprocessors_document_fingerprint.__init__" name="FLAKE8" time="0.000"><skipped type="pytest.skip" message="file(s) previously passed FLAKE8 checks">/home/olivier/dev/kairntech/pyprocessors_document_fingerprint/.tox/report/lib/python3.8/site-packages/pytest_flake8.py:124: file(s) previously passed FLAKE8 checks</skipped></testcase><testcase classname="src.pyprocessors_document_fingerprint.document_fingerprint" name="FLAKE8" time="0.091" /><testcase classname="tests.__init__" name="FLAKE8" time="0.000"><skipped type="pytest.skip" message="file(s) previously passed FLAKE8 checks">/home/olivier/dev/kairntech/pyprocessors_document_fingerprint/.tox/report/lib/python3.8/site-packages/pytest_flake8.py:124: file(s) previously passed FLAKE8 checks</skipped></testcase><testcase classname="tests.test_document_fingerprint" name="FLAKE8" time="0.000"><skipped type="pytest.skip" message="file(s) previously passed FLAKE8 checks">/home/olivier/dev/kairntech/pyprocessors_document_fingerprint/.tox/report/lib/python3.8/site-packages/pytest_flake8.py:124: file(s) previously passed FLAKE8 checks</skipped></testcase><testcase classname="tests.test_document_fingerprint" name="test_model" time="0.000" /><testcase classname="tests.test_document_fingerprint" name="test_document_fingerprint_linker" time="0.015" /><testcase classname="tests.test_document_fingerprint" name="test_document_fingerprint_linker_en" time="0.010" /></testsuite></testsuites>